# JRE version: OpenJDK Runtime Environment (8.0_201-b09) (build 1.8.0_201-b09)
# Java VM: OpenJDK 64-Bit Server VM (25.201-b09 mixed mode linux-amd64 compressed oops)
Heap:
 PSYoungGen      total 388096K, used 378693K [0x000000076d300000, 0x000000078df00000, 0x00000007c0000000)
  eden space 377856K, 97% used [0x000000076d300000,0x0000000783ad7370,0x0000000784400000)
  from space 10240K, 99% used [0x0000000784400000,0x0000000784dfa1b0,0x0000000784e00000)
  to   space 14336K, 0% used [0x000000078d100000,0x000000078d100000,0x000000078df00000)
 ParOldGen       total 123392K, used 19252K [0x00000006c7800000, 0x00000006cf080000, 0x000000076d300000)
  object space 123392K, 15% used [0x00000006c7800000,0x00000006c8acd328,0x00000006cf080000)
 Metaspace       used 47303K, capacity 49674K, committed 49792K, reserved 1093632K
  class space    used 5297K, capacity 5727K, committed 5760K, reserved 1048576K
GC Heap History (22 events):
Event: 1.971 GC heap before
{Heap before GC invocations=1 (full 0):
 PSYoungGen      total 74752K, used 64512K [0x000000076d300000, 0x0000000772600000, 0x00000007c0000000)
  eden space 64512K, 100% used [0x000000076d300000,0x0000000771200000,0x0000000771200000)
  from space 10240K, 0% used [0x0000000771c00000,0x0000000771c00000,0x0000000772600000)
  to   space 10240K, 0% used [0x0000000771200000,0x0000000771200000,0x0000000771c00000)
 ParOldGen       total 171008K, used 0K [0x00000006c7800000, 0x00000006d1f00000, 0x000000076d300000)
  object space 171008K, 0% used [0x00000006c7800000,0x00000006c7800000,0x00000006d1f00000)
 Metaspace       used 10449K, capacity 10586K, committed 10880K, reserved 1058816K
  class space    used 1034K, capacity 1103K, committed 1152K, reserved 1048576K
Event: 1.986 GC heap after
Heap after GC invocations=1 (full 0):
 PSYoungGen      total 74752K, used 4435K [0x000000076d300000, 0x0000000772600000, 0x00000007c0000000)
  eden space 64512K, 0% used [0x000000076d300000,0x000000076d300000,0x0000000771200000)
  from space 10240K, 43% used [0x0000000771200000,0x0000000771654e40,0x0000000771c00000)
  to   space 10240K, 0% used [0x0000000771c00000,0x0000000771c00000,0x0000000772600000)
 ParOldGen       total 171008K, used 16K [0x00000006c7800000, 0x00000006d1f00000, 0x000000076d300000)
  object space 171008K, 0% used [0x00000006c7800000,0x00000006c7804000,0x00000006d1f00000)
 Metaspace       used 10449K, capacity 10586K, committed 10880K, reserved 1058816K
  class space    used 1034K, capacity 1103K, committed 1152K, reserved 1048576K
}
Event: 2.788 GC heap before
{Heap before GC invocations=2 (full 0):
 PSYoungGen      total 74752K, used 68947K [0x000000076d300000, 0x0000000772600000, 0x00000007c0000000)
  eden space 64512K, 100% used [0x000000076d300000,0x0000000771200000,0x0000000771200000)
  from space 10240K, 43% used [0x0000000771200000,0x0000000771654e40,0x0000000771c00000)
  to   space 10240K, 0% used [0x0000000771c00000,0x0000000771c00000,0x0000000772600000)
 ParOldGen       total 171008K, used 16K [0x00000006c7800000, 0x00000006d1f00000, 0x000000076d300000)
  object space 171008K, 0% used [0x00000006c7800000,0x00000006c7804000,0x00000006d1f00000)
 Metaspace       used 13638K, capacity 13906K, committed 14080K, reserved 1062912K
  class space    used 1359K, capacity 1456K, committed 1536K, reserved 1048576K
Event: 2.821 GC heap after
Heap after GC invocations=2 (full 0):
 PSYoungGen      total 74752K, used 7995K [0x000000076d300000, 0x0000000776500000, 0x00000007c0000000)
  eden space 64512K, 0% used [0x000000076d300000,0x000000076d300000,0x0000000771200000)
  from space 10240K, 78% used [0x0000000771c00000,0x00000007723ceea8,0x0000000772600000)
  to   space 10240K, 0% used [0x0000000771200000,0x0000000771200000,0x0000000771c00000)
 ParOldGen       total 171008K, used 24K [0x00000006c7800000, 0x00000006d1f00000, 0x000000076d300000)
  object space 171008K, 0% used [0x00000006c7800000,0x00000006c7806000,0x00000006d1f00000)
 Metaspace       used 13638K, capacity 13906K, committed 14080K, reserved 1062912K
  class space    used 1359K, capacity 1456K, committed 1536K, reserved 1048576K
}
Event: 3.417 GC heap before
{Heap before GC invocations=3 (full 0):
 PSYoungGen      total 74752K, used 72507K [0x000000076d300000, 0x0000000776500000, 0x00000007c0000000)
  eden space 64512K, 100% used [0x000000076d300000,0x0000000771200000,0x0000000771200000)
  from space 10240K, 78% used [0x0000000771c00000,0x00000007723ceea8,0x0000000772600000)
  to   space 10240K, 0% used [0x0000000771200000,0x0000000771200000,0x0000000771c00000)
 ParOldGen       total 171008K, used 24K [0x00000006c7800000, 0x00000006d1f00000, 0x000000076d300000)
  object space 171008K, 0% used [0x00000006c7800000,0x00000006c7806000,0x00000006d1f00000)
 Metaspace       used 16701K, capacity 17096K, committed 17408K, reserved 1064960K
  class space    used 1803K, capacity 1943K, committed 2048K, reserved 1048576K
Event: 3.429 GC heap after
Heap after GC invocations=3 (full 0):
 PSYoungGen      total 74752K, used 5550K [0x000000076d300000, 0x0000000776500000, 0x00000007c0000000)
  eden space 64512K, 0% used [0x000000076d300000,0x000000076d300000,0x0000000771200000)
  from space 10240K, 54% used [0x0000000771200000,0x000000077176b808,0x0000000771c00000)
  to   space 10240K, 0% used [0x0000000775b00000,0x0000000775b00000,0x0000000776500000)
 ParOldGen       total 171008K, used 32K [0x00000006c7800000, 0x00000006d1f00000, 0x000000076d300000)
  object space 171008K, 0% used [0x00000006c7800000,0x00000006c7808000,0x00000006d1f00000)
 Metaspace       used 16701K, capacity 17096K, committed 17408K, reserved 1064960K
  class space    used 1803K, capacity 1943K, committed 2048K, reserved 1048576K
}
Event: 3.834 GC heap before
{Heap before GC invocations=4 (full 0):
 PSYoungGen      total 74752K, used 70062K [0x000000076d300000, 0x0000000776500000, 0x00000007c0000000)
  eden space 64512K, 100% used [0x000000076d300000,0x0000000771200000,0x0000000771200000)
  from space 10240K, 54% used [0x0000000771200000,0x000000077176b808,0x0000000771c00000)
  to   space 10240K, 0% used [0x0000000775b00000,0x0000000775b00000,0x0000000776500000)
 ParOldGen       total 171008K, used 32K [0x00000006c7800000, 0x00000006d1f00000, 0x000000076d300000)
  object space 171008K, 0% used [0x00000006c7800000,0x00000006c7808000,0x00000006d1f00000)
 Metaspace       used 19150K, capacity 19612K, committed 19712K, reserved 1067008K
  class space    used 2102K, capacity 2229K, committed 2304K, reserved 1048576K
Event: 3.849 GC heap after
Heap after GC invocations=4 (full 0):
 PSYoungGen      total 139264K, used 6383K [0x000000076d300000, 0x0000000776500000, 0x00000007c0000000)
  eden space 129024K, 0% used [0x000000076d300000,0x000000076d300000,0x0000000775100000)
  from space 10240K, 62% used [0x0000000775b00000,0x000000077613bd28,0x0000000776500000)
  to   space 10240K, 0% used [0x0000000775100000,0x0000000775100000,0x0000000775b00000)
 ParOldGen       total 171008K, used 40K [0x00000006c7800000, 0x00000006d1f00000, 0x000000076d300000)
  object space 171008K, 0% used [0x00000006c7800000,0x00000006c780a000,0x00000006d1f00000)
 Metaspace       used 19150K, capacity 19612K, committed 19712K, reserved 1067008K
  class space    used 2102K, capacity 2229K, committed 2304K, reserved 1048576K
}
Event: 4.094 GC heap before
{Heap before GC invocations=5 (full 0):
 PSYoungGen      total 139264K, used 47514K [0x000000076d300000, 0x0000000776500000, 0x00000007c0000000)
  eden space 129024K, 31% used [0x000000076d300000,0x000000076fb2ab08,0x0000000775100000)
  from space 10240K, 62% used [0x0000000775b00000,0x000000077613bd28,0x0000000776500000)
  to   space 10240K, 0% used [0x0000000775100000,0x0000000775100000,0x0000000775b00000)
 ParOldGen       total 171008K, used 40K [0x00000006c7800000, 0x00000006d1f00000, 0x000000076d300000)
  object space 171008K, 0% used [0x00000006c7800000,0x00000006c780a000,0x00000006d1f00000)
 Metaspace       used 20745K, capacity 21260K, committed 21296K, reserved 1069056K
  class space    used 2280K, capacity 2419K, committed 2432K, reserved 1048576K
Event: 4.109 GC heap after
Heap after GC invocations=5 (full 0):
 PSYoungGen      total 139264K, used 5978K [0x000000076d300000, 0x000000077de00000, 0x00000007c0000000)
  eden space 129024K, 0% used [0x000000076d300000,0x000000076d300000,0x0000000775100000)
  from space 10240K, 58% used [0x0000000775100000,0x00000007756d6900,0x0000000775b00000)
  to   space 7680K, 0% used [0x000000077d680000,0x000000077d680000,0x000000077de00000)
 ParOldGen       total 171008K, used 48K [0x00000006c7800000, 0x00000006d1f00000, 0x000000076d300000)
  object space 171008K, 0% used [0x00000006c7800000,0x00000006c780c000,0x00000006d1f00000)
 Metaspace       used 20745K, capacity 21260K, committed 21296K, reserved 1069056K
  class space    used 2280K, capacity 2419K, committed 2432K, reserved 1048576K
}
Event: 4.109 GC heap before
{Heap before GC invocations=6 (full 1):
 PSYoungGen      total 139264K, used 5978K [0x000000076d300000, 0x000000077de00000, 0x00000007c0000000)
  eden space 129024K, 0% used [0x000000076d300000,0x000000076d300000,0x0000000775100000)
  from space 10240K, 58% used [0x0000000775100000,0x00000007756d6900,0x0000000775b00000)
  to   space 7680K, 0% used [0x000000077d680000,0x000000077d680000,0x000000077de00000)
 ParOldGen       total 171008K, used 48K [0x00000006c7800000, 0x00000006d1f00000, 0x000000076d300000)
  object space 171008K, 0% used [0x00000006c7800000,0x00000006c780c000,0x00000006d1f00000)
 Metaspace       used 20745K, capacity 21260K, committed 21296K, reserved 1069056K
  class space    used 2280K, capacity 2419K, committed 2432K, reserved 1048576K
Event: 4.151 GC heap after
Heap after GC invocations=6 (full 1):
 PSYoungGen      total 139264K, used 0K [0x000000076d300000, 0x000000077de00000, 0x00000007c0000000)
  eden space 129024K, 0% used [0x000000076d300000,0x000000076d300000,0x0000000775100000)
  from space 10240K, 0% used [0x0000000775100000,0x0000000775100000,0x0000000775b00000)
  to   space 7680K, 0% used [0x000000077d680000,0x000000077d680000,0x000000077de00000)
 ParOldGen       total 87040K, used 5774K [0x00000006c7800000, 0x00000006ccd00000, 0x000000076d300000)
  object space 87040K, 6% used [0x00000006c7800000,0x00000006c7da3ae0,0x00000006ccd00000)
 Metaspace       used 20745K, capacity 21260K, committed 21296K, reserved 1069056K
  class space    used 2280K, capacity 2419K, committed 2432K, reserved 1048576K
}
Event: 4.985 GC heap before
{Heap before GC invocations=7 (full 1):
 PSYoungGen      total 139264K, used 129024K [0x000000076d300000, 0x000000077de00000, 0x00000007c0000000)
  eden space 129024K, 100% used [0x000000076d300000,0x0000000775100000,0x0000000775100000)
  from space 10240K, 0% used [0x0000000775100000,0x0000000775100000,0x0000000775b00000)
  to   space 7680K, 0% used [0x000000077d680000,0x000000077d680000,0x000000077de00000)
 ParOldGen       total 87040K, used 5774K [0x00000006c7800000, 0x00000006ccd00000, 0x000000076d300000)
  object space 87040K, 6% used [0x00000006c7800000,0x00000006c7da3ae0,0x00000006ccd00000)
 Metaspace       used 25592K, capacity 26298K, committed 26624K, reserved 1073152K
  class space    used 2820K, capacity 3014K, committed 3072K, reserved 1048576K
Event: 4.998 GC heap after
Heap after GC invocations=7 (full 1):
 PSYoungGen      total 228864K, used 5190K [0x000000076d300000, 0x000000077dc00000, 0x00000007c0000000)
  eden space 223232K, 0% used [0x000000076d300000,0x000000076d300000,0x000000077ad00000)
  from space 5632K, 92% used [0x000000077d680000,0x000000077db91a70,0x000000077dc00000)
  to   space 7680K, 0% used [0x000000077cd00000,0x000000077cd00000,0x000000077d480000)
 ParOldGen       total 87040K, used 5782K [0x00000006c7800000, 0x00000006ccd00000, 0x000000076d300000)
  object space 87040K, 6% used [0x00000006c7800000,0x00000006c7da5ae0,0x00000006ccd00000)
 Metaspace       used 25592K, capacity 26298K, committed 26624K, reserved 1073152K
  class space    used 2820K, capacity 3014K, committed 3072K, reserved 1048576K
}
Event: 8.248 GC heap before
{Heap before GC invocations=8 (full 1):
 PSYoungGen      total 228864K, used 228422K [0x000000076d300000, 0x000000077dc00000, 0x00000007c0000000)
  eden space 223232K, 100% used [0x000000076d300000,0x000000077ad00000,0x000000077ad00000)
  from space 5632K, 92% used [0x000000077d680000,0x000000077db91a70,0x000000077dc00000)
  to   space 7680K, 0% used [0x000000077cd00000,0x000000077cd00000,0x000000077d480000)
 ParOldGen       total 87040K, used 5782K [0x00000006c7800000, 0x00000006ccd00000, 0x000000076d300000)
  object space 87040K, 6% used [0x00000006c7800000,0x00000006c7da5ae0,0x00000006ccd00000)
 Metaspace       used 32720K, capacity 33830K, committed 33920K, reserved 1079296K
  class space    used 3643K, capacity 3878K, committed 3968K, reserved 1048576K
Event: 8.282 GC heap after
Heap after GC invocations=8 (full 1):
 PSYoungGen      total 263680K, used 7664K [0x000000076d300000, 0x0000000785800000, 0x00000007c0000000)
  eden space 256000K, 0% used [0x000000076d300000,0x000000076d300000,0x000000077cd00000)
  from space 7680K, 99% used [0x000000077cd00000,0x000000077d47c2c0,0x000000077d480000)
  to   space 10240K, 0% used [0x0000000784e00000,0x0000000784e00000,0x0000000785800000)
 ParOldGen       total 87040K, used 8986K [0x00000006c7800000, 0x00000006ccd00000, 0x000000076d300000)
  object space 87040K, 10% used [0x00000006c7800000,0x00000006c80c6a80,0x00000006ccd00000)
 Metaspace       used 32720K, capacity 33830K, committed 33920K, reserved 1079296K
  class space    used 3643K, capacity 3878K, committed 3968K, reserved 1048576K
}
Event: 9.074 GC heap before
{Heap before GC invocations=9 (full 1):
 PSYoungGen      total 263680K, used 62225K [0x000000076d300000, 0x0000000785800000, 0x00000007c0000000)
  eden space 256000K, 21% used [0x000000076d300000,0x0000000770848338,0x000000077cd00000)
  from space 7680K, 99% used [0x000000077cd00000,0x000000077d47c2c0,0x000000077d480000)
  to   space 10240K, 0% used [0x0000000784e00000,0x0000000784e00000,0x0000000785800000)
 ParOldGen       total 87040K, used 8986K [0x00000006c7800000, 0x00000006ccd00000, 0x000000076d300000)
  object space 87040K, 10% used [0x00000006c7800000,0x00000006c80c6a80,0x00000006ccd00000)
 Metaspace       used 34249K, capacity 35386K, committed 35496K, reserved 1081344K
  class space    used 3810K, capacity 4045K, committed 4096K, reserved 1048576K
Event: 9.087 GC heap after
Heap after GC invocations=9 (full 1):
 PSYoungGen      total 388096K, used 7332K [0x000000076d300000, 0x0000000788a00000, 0x00000007c0000000)
  eden space 377856K, 0% used [0x000000076d300000,0x000000076d300000,0x0000000784400000)
  from space 10240K, 71% used [0x0000000784e00000,0x0000000785529148,0x0000000785800000)
  to   space 10240K, 0% used [0x0000000784400000,0x0000000784400000,0x0000000784e00000)
 ParOldGen       total 87040K, used 8994K [0x00000006c7800000, 0x00000006ccd00000, 0x000000076d300000)
  object space 87040K, 10% used [0x00000006c7800000,0x00000006c80c8a80,0x00000006ccd00000)
 Metaspace       used 34249K, capacity 35386K, committed 35496K, reserved 1081344K
  class space    used 3810K, capacity 4045K, committed 4096K, reserved 1048576K
}
Event: 9.087 GC heap before
{Heap before GC invocations=10 (full 2):
 PSYoungGen      total 388096K, used 7332K [0x000000076d300000, 0x0000000788a00000, 0x00000007c0000000)
  eden space 377856K, 0% used [0x000000076d300000,0x000000076d300000,0x0000000784400000)
  from space 10240K, 71% used [0x0000000784e00000,0x0000000785529148,0x0000000785800000)
  to   space 10240K, 0% used [0x0000000784400000,0x0000000784400000,0x0000000784e00000)
 ParOldGen       total 87040K, used 8994K [0x00000006c7800000, 0x00000006ccd00000, 0x000000076d300000)
  object space 87040K, 10% used [0x00000006c7800000,0x00000006c80c8a80,0x00000006ccd00000)
 Metaspace       used 34249K, capacity 35386K, committed 35496K, reserved 1081344K
  class space    used 3810K, capacity 4045K, committed 4096K, reserved 1048576K
Event: 9.154 GC heap after
Heap after GC invocations=10 (full 2):
 PSYoungGen      total 388096K, used 0K [0x000000076d300000, 0x0000000788a00000, 0x00000007c0000000)
  eden space 377856K, 0% used [0x000000076d300000,0x000000076d300000,0x0000000784400000)
  from space 10240K, 0% used [0x0000000784e00000,0x0000000784e00000,0x0000000785800000)
  to   space 10240K, 0% used [0x0000000784400000,0x0000000784400000,0x0000000784e00000)
 ParOldGen       total 123392K, used 11718K [0x00000006c7800000, 0x00000006cf080000, 0x000000076d300000)
  object space 123392K, 9% used [0x00000006c7800000,0x00000006c8371910,0x00000006cf080000)
 Metaspace       used 34249K, capacity 35386K, committed 35496K, reserved 1081344K
  class space    used 3810K, capacity 4045K, committed 4096K, reserved 1048576K
}
Event: 151.653 GC heap before
{Heap before GC invocations=11 (full 2):
 PSYoungGen      total 388096K, used 377856K [0x000000076d300000, 0x0000000788a00000, 0x00000007c0000000)
  eden space 377856K, 100% used [0x000000076d300000,0x0000000784400000,0x0000000784400000)
  from space 10240K, 0% used [0x0000000784e00000,0x0000000784e00000,0x0000000785800000)
  to   space 10240K, 0% used [0x0000000784400000,0x0000000784400000,0x0000000784e00000)
 ParOldGen       total 123392K, used 11718K [0x00000006c7800000, 0x00000006cf080000, 0x000000076d300000)
  object space 123392K, 9% used [0x00000006c7800000,0x00000006c8371910,0x00000006cf080000)
 Metaspace       used 46987K, capacity 49356K, committed 49536K, reserved 1093632K
  class space    used 5278K, capacity 5690K, committed 5760K, reserved 1048576K
Event: 151.694 GC heap after
Heap after GC invocations=11 (full 2):
 PSYoungGen      total 388096K, used 10216K [0x000000076d300000, 0x000000078df00000, 0x00000007c0000000)
  eden space 377856K, 0% used [0x000000076d300000,0x000000076d300000,0x0000000784400000)
  from space 10240K, 99% used [0x0000000784400000,0x0000000784dfa1b0,0x0000000784e00000)
  to   space 14336K, 0% used [0x000000078d100000,0x000000078d100000,0x000000078df00000)
 ParOldGen       total 123392K, used 19252K [0x00000006c7800000, 0x00000006cf080000, 0x000000076d300000)
  object space 123392K, 15% used [0x00000006c7800000,0x00000006c8acd328,0x00000006cf080000)
 Metaspace       used 46987K, capacity 49356K, committed 49536K, reserved 1093632K
  class space    used 5278K, capacity 5690K, committed 5760K, reserved 1048576K
}

