# JRE version: OpenJDK Runtime Environment (8.0_201-b09) (build 1.8.0_201-b09)
# Java VM: OpenJDK 64-Bit Server VM (25.201-b09 mixed mode linux-amd64 compressed oops)
Heap:
 PSYoungGen      total 786944K, used 21405K [0x000000076d300000, 0x000000079e280000, 0x00000007c0000000)
  eden space 773632K, 2% used [0x000000076d300000,0x000000076e7e7420,0x000000079c680000)
  from space 13312K, 0% used [0x000000079d580000,0x000000079d580000,0x000000079e280000)
  to   space 14336K, 0% used [0x000000079c680000,0x000000079c680000,0x000000079d480000)
 ParOldGen       total 142848K, used 25497K [0x00000006c7800000, 0x00000006d0380000, 0x000000076d300000)
  object space 142848K, 17% used [0x00000006c7800000,0x00000006c90e6648,0x00000006d0380000)
 Metaspace       used 41581K, capacity 44657K, committed 45312K, reserved 1089536K
  class space    used 5044K, capacity 5520K, committed 5632K, reserved 1048576K
GC Heap History (44 events):
Event: 0.839 GC heap before
{Heap before GC invocations=1 (full 0):
 PSYoungGen      total 74752K, used 64512K [0x000000076d300000, 0x0000000772600000, 0x00000007c0000000)
  eden space 64512K, 100% used [0x000000076d300000,0x0000000771200000,0x0000000771200000)
  from space 10240K, 0% used [0x0000000771c00000,0x0000000771c00000,0x0000000772600000)
  to   space 10240K, 0% used [0x0000000771200000,0x0000000771200000,0x0000000771c00000)
 ParOldGen       total 171008K, used 0K [0x00000006c7800000, 0x00000006d1f00000, 0x000000076d300000)
  object space 171008K, 0% used [0x00000006c7800000,0x00000006c7800000,0x00000006d1f00000)
 Metaspace       used 12684K, capacity 13026K, committed 13184K, reserved 1060864K
  class space    used 1435K, capacity 1562K, committed 1664K, reserved 1048576K
Event: 0.851 GC heap after
Heap after GC invocations=1 (full 0):
 PSYoungGen      total 74752K, used 9599K [0x000000076d300000, 0x0000000776500000, 0x00000007c0000000)
  eden space 64512K, 0% used [0x000000076d300000,0x000000076d300000,0x0000000771200000)
  from space 10240K, 93% used [0x0000000771200000,0x0000000771b5fef0,0x0000000771c00000)
  to   space 10240K, 0% used [0x0000000775b00000,0x0000000775b00000,0x0000000776500000)
 ParOldGen       total 171008K, used 16K [0x00000006c7800000, 0x00000006d1f00000, 0x000000076d300000)
  object space 171008K, 0% used [0x00000006c7800000,0x00000006c7804000,0x00000006d1f00000)
 Metaspace       used 12684K, capacity 13026K, committed 13184K, reserved 1060864K
  class space    used 1435K, capacity 1562K, committed 1664K, reserved 1048576K
}
Event: 1.201 GC heap before
{Heap before GC invocations=2 (full 0):
 PSYoungGen      total 74752K, used 74100K [0x000000076d300000, 0x0000000776500000, 0x00000007c0000000)
  eden space 64512K, 99% used [0x000000076d300000,0x00000007711fd368,0x0000000771200000)
  from space 10240K, 93% used [0x0000000771200000,0x0000000771b5fef0,0x0000000771c00000)
  to   space 10240K, 0% used [0x0000000775b00000,0x0000000775b00000,0x0000000776500000)
 ParOldGen       total 171008K, used 16K [0x00000006c7800000, 0x00000006d1f00000, 0x000000076d300000)
  object space 171008K, 0% used [0x00000006c7800000,0x00000006c7804000,0x00000006d1f00000)
 Metaspace       used 19714K, capacity 20310K, committed 20480K, reserved 1067008K
  class space    used 2391K, capacity 2554K, committed 2560K, reserved 1048576K
Event: 1.211 GC heap after
Heap after GC invocations=2 (full 0):
 PSYoungGen      total 139264K, used 10215K [0x000000076d300000, 0x0000000776500000, 0x00000007c0000000)
  eden space 129024K, 0% used [0x000000076d300000,0x000000076d300000,0x0000000775100000)
  from space 10240K, 99% used [0x0000000775b00000,0x00000007764f9db8,0x0000000776500000)
  to   space 10240K, 0% used [0x0000000775100000,0x0000000775100000,0x0000000775b00000)
 ParOldGen       total 171008K, used 456K [0x00000006c7800000, 0x00000006d1f00000, 0x000000076d300000)
  object space 171008K, 0% used [0x00000006c7800000,0x00000006c78721f0,0x00000006d1f00000)
 Metaspace       used 19714K, capacity 20310K, committed 20480K, reserved 1067008K
  class space    used 2391K, capacity 2554K, committed 2560K, reserved 1048576K
}
Event: 1.260 GC heap before
{Heap before GC invocations=3 (full 0):
 PSYoungGen      total 139264K, used 19846K [0x000000076d300000, 0x0000000776500000, 0x00000007c0000000)
  eden space 129024K, 7% used [0x000000076d300000,0x000000076dc67c48,0x0000000775100000)
  from space 10240K, 99% used [0x0000000775b00000,0x00000007764f9db8,0x0000000776500000)
  to   space 10240K, 0% used [0x0000000775100000,0x0000000775100000,0x0000000775b00000)
 ParOldGen       total 171008K, used 456K [0x00000006c7800000, 0x00000006d1f00000, 0x000000076d300000)
  object space 171008K, 0% used [0x00000006c7800000,0x00000006c78721f0,0x00000006d1f00000)
 Metaspace       used 20519K, capacity 21171K, committed 21296K, reserved 1069056K
  class space    used 2509K, capacity 2688K, committed 2688K, reserved 1048576K
Event: 1.266 GC heap after
Heap after GC invocations=3 (full 0):
 PSYoungGen      total 139264K, used 5029K [0x000000076d300000, 0x000000077e300000, 0x00000007c0000000)
  eden space 129024K, 0% used [0x000000076d300000,0x000000076d300000,0x0000000775100000)
  from space 10240K, 49% used [0x0000000775100000,0x00000007755e9670,0x0000000775b00000)
  to   space 10240K, 0% used [0x000000077d900000,0x000000077d900000,0x000000077e300000)
 ParOldGen       total 171008K, used 464K [0x00000006c7800000, 0x00000006d1f00000, 0x000000076d300000)
  object space 171008K, 0% used [0x00000006c7800000,0x00000006c78741f0,0x00000006d1f00000)
 Metaspace       used 20519K, capacity 21171K, committed 21296K, reserved 1069056K
  class space    used 2509K, capacity 2688K, committed 2688K, reserved 1048576K
}
Event: 1.266 GC heap before
{Heap before GC invocations=4 (full 1):
 PSYoungGen      total 139264K, used 5029K [0x000000076d300000, 0x000000077e300000, 0x00000007c0000000)
  eden space 129024K, 0% used [0x000000076d300000,0x000000076d300000,0x0000000775100000)
  from space 10240K, 49% used [0x0000000775100000,0x00000007755e9670,0x0000000775b00000)
  to   space 10240K, 0% used [0x000000077d900000,0x000000077d900000,0x000000077e300000)
 ParOldGen       total 171008K, used 464K [0x00000006c7800000, 0x00000006d1f00000, 0x000000076d300000)
  object space 171008K, 0% used [0x00000006c7800000,0x00000006c78741f0,0x00000006d1f00000)
 Metaspace       used 20519K, capacity 21171K, committed 21296K, reserved 1069056K
  class space    used 2509K, capacity 2688K, committed 2688K, reserved 1048576K
Event: 1.296 GC heap after
Heap after GC invocations=4 (full 1):
 PSYoungGen      total 139264K, used 0K [0x000000076d300000, 0x000000077e300000, 0x00000007c0000000)
  eden space 129024K, 0% used [0x000000076d300000,0x000000076d300000,0x0000000775100000)
  from space 10240K, 0% used [0x0000000775100000,0x0000000775100000,0x0000000775b00000)
  to   space 10240K, 0% used [0x000000077d900000,0x000000077d900000,0x000000077e300000)
 ParOldGen       total 91648K, used 4900K [0x00000006c7800000, 0x00000006cd180000, 0x000000076d300000)
  object space 91648K, 5% used [0x00000006c7800000,0x00000006c7cc9020,0x00000006cd180000)
 Metaspace       used 20519K, capacity 21171K, committed 21296K, reserved 1069056K
  class space    used 2509K, capacity 2688K, committed 2688K, reserved 1048576K
}
Event: 3.072 GC heap before
{Heap before GC invocations=5 (full 1):
 PSYoungGen      total 139264K, used 129024K [0x000000076d300000, 0x000000077e300000, 0x00000007c0000000)
  eden space 129024K, 100% used [0x000000076d300000,0x0000000775100000,0x0000000775100000)
  from space 10240K, 0% used [0x0000000775100000,0x0000000775100000,0x0000000775b00000)
  to   space 10240K, 0% used [0x000000077d900000,0x000000077d900000,0x000000077e300000)
 ParOldGen       total 91648K, used 4900K [0x00000006c7800000, 0x00000006cd180000, 0x000000076d300000)
  object space 91648K, 5% used [0x00000006c7800000,0x00000006c7cc9020,0x00000006cd180000)
 Metaspace       used 28521K, capacity 29707K, committed 29952K, reserved 1075200K
  class space    used 3533K, capacity 3783K, committed 3840K, reserved 1048576K
Event: 3.082 GC heap after
Heap after GC invocations=5 (full 1):
 PSYoungGen      total 219136K, used 10232K [0x000000076d300000, 0x000000077e300000, 0x00000007c0000000)
  eden space 208896K, 0% used [0x000000076d300000,0x000000076d300000,0x0000000779f00000)
  from space 10240K, 99% used [0x000000077d900000,0x000000077e2fe2f8,0x000000077e300000)
  to   space 10240K, 0% used [0x000000077cf00000,0x000000077cf00000,0x000000077d900000)
 ParOldGen       total 91648K, used 6020K [0x00000006c7800000, 0x00000006cd180000, 0x000000076d300000)
  object space 91648K, 6% used [0x00000006c7800000,0x00000006c7de1030,0x00000006cd180000)
 Metaspace       used 28521K, capacity 29707K, committed 29952K, reserved 1075200K
  class space    used 3533K, capacity 3783K, committed 3840K, reserved 1048576K
}
Event: 3.868 GC heap before
{Heap before GC invocations=6 (full 1):
 PSYoungGen      total 219136K, used 93153K [0x000000076d300000, 0x000000077e300000, 0x00000007c0000000)
  eden space 208896K, 39% used [0x000000076d300000,0x00000007723fa1a8,0x0000000779f00000)
  from space 10240K, 99% used [0x000000077d900000,0x000000077e2fe2f8,0x000000077e300000)
  to   space 10240K, 0% used [0x000000077cf00000,0x000000077cf00000,0x000000077d900000)
 ParOldGen       total 91648K, used 6020K [0x00000006c7800000, 0x00000006cd180000, 0x000000076d300000)
  object space 91648K, 6% used [0x00000006c7800000,0x00000006c7de1030,0x00000006cd180000)
 Metaspace       used 33760K, capacity 35477K, committed 35496K, reserved 1081344K
  class space    used 4174K, capacity 4480K, committed 4480K, reserved 1048576K
Event: 3.888 GC heap after
Heap after GC invocations=6 (full 1):
 PSYoungGen      total 268288K, used 10223K [0x000000076d300000, 0x0000000783600000, 0x00000007c0000000)
  eden space 258048K, 0% used [0x000000076d300000,0x000000076d300000,0x000000077cf00000)
  from space 10240K, 99% used [0x000000077cf00000,0x000000077d8fbfe8,0x000000077d900000)
  to   space 15360K, 0% used [0x0000000782700000,0x0000000782700000,0x0000000783600000)
 ParOldGen       total 91648K, used 8589K [0x00000006c7800000, 0x00000006cd180000, 0x000000076d300000)
  object space 91648K, 9% used [0x00000006c7800000,0x00000006c8063428,0x00000006cd180000)
 Metaspace       used 33760K, capacity 35477K, committed 35496K, reserved 1081344K
  class space    used 4174K, capacity 4480K, committed 4480K, reserved 1048576K
}
Event: 3.888 GC heap before
{Heap before GC invocations=7 (full 2):
 PSYoungGen      total 268288K, used 10223K [0x000000076d300000, 0x0000000783600000, 0x00000007c0000000)
  eden space 258048K, 0% used [0x000000076d300000,0x000000076d300000,0x000000077cf00000)
  from space 10240K, 99% used [0x000000077cf00000,0x000000077d8fbfe8,0x000000077d900000)
  to   space 15360K, 0% used [0x0000000782700000,0x0000000782700000,0x0000000783600000)
 ParOldGen       total 91648K, used 8589K [0x00000006c7800000, 0x00000006cd180000, 0x000000076d300000)
  object space 91648K, 9% used [0x00000006c7800000,0x00000006c8063428,0x00000006cd180000)
 Metaspace       used 33760K, capacity 35477K, committed 35496K, reserved 1081344K
  class space    used 4174K, capacity 4480K, committed 4480K, reserved 1048576K
Event: 3.967 GC heap after
Heap after GC invocations=7 (full 2):
 PSYoungGen      total 268288K, used 0K [0x000000076d300000, 0x0000000783600000, 0x00000007c0000000)
  eden space 258048K, 0% used [0x000000076d300000,0x000000076d300000,0x000000077cf00000)
  from space 10240K, 0% used [0x000000077cf00000,0x000000077cf00000,0x000000077d900000)
  to   space 15360K, 0% used [0x0000000782700000,0x0000000782700000,0x0000000783600000)
 ParOldGen       total 142848K, used 16363K [0x00000006c7800000, 0x00000006d0380000, 0x000000076d300000)
  object space 142848K, 11% used [0x00000006c7800000,0x00000006c87faca8,0x00000006d0380000)
 Metaspace       used 33760K, capacity 35477K, committed 35496K, reserved 1081344K
  class space    used 4174K, capacity 4480K, committed 4480K, reserved 1048576K
}
Event: 233.350 GC heap before
{Heap before GC invocations=8 (full 2):
 PSYoungGen      total 268288K, used 102194K [0x000000076d300000, 0x0000000783600000, 0x00000007c0000000)
  eden space 258048K, 39% used [0x000000076d300000,0x00000007736cc918,0x000000077cf00000)
  from space 10240K, 0% used [0x000000077cf00000,0x000000077cf00000,0x000000077d900000)
  to   space 15360K, 0% used [0x0000000782700000,0x0000000782700000,0x0000000783600000)
 ParOldGen       total 142848K, used 16363K [0x00000006c7800000, 0x00000006d0380000, 0x000000076d300000)
  object space 142848K, 11% used [0x00000006c7800000,0x00000006c87faca8,0x00000006d0380000)
 Metaspace       used 37834K, capacity 40107K, committed 40320K, reserved 1085440K
  class space    used 4725K, capacity 5132K, committed 5248K, reserved 1048576K
Event: 233.358 GC heap after
Heap after GC invocations=8 (full 2):
 PSYoungGen      total 347648K, used 4830K [0x000000076d300000, 0x0000000787b80000, 0x00000007c0000000)
  eden space 332288K, 0% used [0x000000076d300000,0x000000076d300000,0x0000000781780000)
  from space 15360K, 31% used [0x0000000782700000,0x0000000782bb78a8,0x0000000783600000)
  to   space 15872K, 0% used [0x0000000781780000,0x0000000781780000,0x0000000782700000)
 ParOldGen       total 142848K, used 16371K [0x00000006c7800000, 0x00000006d0380000, 0x000000076d300000)
  object space 142848K, 11% used [0x00000006c7800000,0x00000006c87fcca8,0x00000006d0380000)
 Metaspace       used 37834K, capacity 40107K, committed 40320K, reserved 1085440K
  class space    used 4725K, capacity 5132K, committed 5248K, reserved 1048576K
}
Event: 233.358 GC heap before
{Heap before GC invocations=9 (full 3):
 PSYoungGen      total 347648K, used 4830K [0x000000076d300000, 0x0000000787b80000, 0x00000007c0000000)
  eden space 332288K, 0% used [0x000000076d300000,0x000000076d300000,0x0000000781780000)
  from space 15360K, 31% used [0x0000000782700000,0x0000000782bb78a8,0x0000000783600000)
  to   space 15872K, 0% used [0x0000000781780000,0x0000000781780000,0x0000000782700000)
 ParOldGen       total 142848K, used 16371K [0x00000006c7800000, 0x00000006d0380000, 0x000000076d300000)
  object space 142848K, 11% used [0x00000006c7800000,0x00000006c87fcca8,0x00000006d0380000)
 Metaspace       used 37834K, capacity 40107K, committed 40320K, reserved 1085440K
  class space    used 4725K, capacity 5132K, committed 5248K, reserved 1048576K
Event: 233.449 GC heap after
Heap after GC invocations=9 (full 3):
 PSYoungGen      total 347648K, used 0K [0x000000076d300000, 0x0000000787b80000, 0x00000007c0000000)
  eden space 332288K, 0% used [0x000000076d300000,0x000000076d300000,0x0000000781780000)
  from space 15360K, 0% used [0x0000000782700000,0x0000000782700000,0x0000000783600000)
  to   space 15872K, 0% used [0x0000000781780000,0x0000000781780000,0x0000000782700000)
 ParOldGen       total 142848K, used 16706K [0x00000006c7800000, 0x00000006d0380000, 0x000000076d300000)
  object space 142848K, 11% used [0x00000006c7800000,0x00000006c8850880,0x00000006d0380000)
 Metaspace       used 37834K, capacity 40107K, committed 40320K, reserved 1085440K
  class space    used 4725K, capacity 5132K, committed 5248K, reserved 1048576K
}
Event: 499.464 GC heap before
{Heap before GC invocations=10 (full 3):
 PSYoungGen      total 347648K, used 146529K [0x000000076d300000, 0x0000000787b80000, 0x00000007c0000000)
  eden space 332288K, 44% used [0x000000076d300000,0x0000000776218700,0x0000000781780000)
  from space 15360K, 0% used [0x0000000782700000,0x0000000782700000,0x0000000783600000)
  to   space 15872K, 0% used [0x0000000781780000,0x0000000781780000,0x0000000782700000)
 ParOldGen       total 142848K, used 16706K [0x00000006c7800000, 0x00000006d0380000, 0x000000076d300000)
  object space 142848K, 11% used [0x00000006c7800000,0x00000006c8850880,0x00000006d0380000)
 Metaspace       used 38395K, capacity 40821K, committed 41088K, reserved 1085440K
  class space    used 4742K, capacity 5161K, committed 5248K, reserved 1048576K
Event: 499.468 GC heap after
Heap after GC invocations=10 (full 3):
 PSYoungGen      total 348160K, used 3565K [0x000000076d300000, 0x0000000787c80000, 0x00000007c0000000)
  eden space 332288K, 0% used [0x000000076d300000,0x000000076d300000,0x0000000781780000)
  from space 15872K, 22% used [0x0000000781780000,0x0000000781afb440,0x0000000782700000)
  to   space 16384K, 0% used [0x0000000786c80000,0x0000000786c80000,0x0000000787c80000)
 ParOldGen       total 142848K, used 16714K [0x00000006c7800000, 0x00000006d0380000, 0x000000076d300000)
  object space 142848K, 11% used [0x00000006c7800000,0x00000006c8852880,0x00000006d0380000)
 Metaspace       used 38395K, capacity 40821K, committed 41088K, reserved 1085440K
  class space    used 4742K, capacity 5161K, committed 5248K, reserved 1048576K
}
Event: 499.468 GC heap before
{Heap before GC invocations=11 (full 4):
 PSYoungGen      total 348160K, used 3565K [0x000000076d300000, 0x0000000787c80000, 0x00000007c0000000)
  eden space 332288K, 0% used [0x000000076d300000,0x000000076d300000,0x0000000781780000)
  from space 15872K, 22% used [0x0000000781780000,0x0000000781afb440,0x0000000782700000)
  to   space 16384K, 0% used [0x0000000786c80000,0x0000000786c80000,0x0000000787c80000)
 ParOldGen       total 142848K, used 16714K [0x00000006c7800000, 0x00000006d0380000, 0x000000076d300000)
  object space 142848K, 11% used [0x00000006c7800000,0x00000006c8852880,0x00000006d0380000)
 Metaspace       used 38395K, capacity 40821K, committed 41088K, reserved 1085440K
  class space    used 4742K, capacity 5161K, committed 5248K, reserved 1048576K
Event: 499.610 GC heap after
Heap after GC invocations=11 (full 4):
 PSYoungGen      total 348160K, used 0K [0x000000076d300000, 0x0000000787c80000, 0x00000007c0000000)
  eden space 332288K, 0% used [0x000000076d300000,0x000000076d300000,0x0000000781780000)
  from space 15872K, 0% used [0x0000000781780000,0x0000000781780000,0x0000000782700000)
  to   space 16384K, 0% used [0x0000000786c80000,0x0000000786c80000,0x0000000787c80000)
 ParOldGen       total 142848K, used 17960K [0x00000006c7800000, 0x00000006d0380000, 0x000000076d300000)
  object space 142848K, 12% used [0x00000006c7800000,0x00000006c898a198,0x00000006d0380000)
 Metaspace       used 38395K, capacity 40821K, committed 41088K, reserved 1085440K
  class space    used 4742K, capacity 5161K, committed 5248K, reserved 1048576K
}
Event: 2980.074 GC heap before
{Heap before GC invocations=12 (full 4):
 PSYoungGen      total 348160K, used 332288K [0x000000076d300000, 0x0000000787c80000, 0x00000007c0000000)
  eden space 332288K, 100% used [0x000000076d300000,0x0000000781780000,0x0000000781780000)
  from space 15872K, 0% used [0x0000000781780000,0x0000000781780000,0x0000000782700000)
  to   space 16384K, 0% used [0x0000000786c80000,0x0000000786c80000,0x0000000787c80000)
 ParOldGen       total 142848K, used 17960K [0x00000006c7800000, 0x00000006d0380000, 0x000000076d300000)
  object space 142848K, 12% used [0x00000006c7800000,0x00000006c898a198,0x00000006d0380000)
 Metaspace       used 38877K, capacity 41463K, committed 41600K, reserved 1085440K
  class space    used 4770K, capacity 5220K, committed 5248K, reserved 1048576K
Event: 2980.102 GC heap after
Heap after GC invocations=12 (full 4):
 PSYoungGen      total 420352K, used 7617K [0x000000076d300000, 0x000000078d480000, 0x00000007c0000000)
  eden space 403968K, 0% used [0x000000076d300000,0x000000076d300000,0x0000000785d80000)
  from space 16384K, 46% used [0x0000000786c80000,0x00000007873f04f8,0x0000000787c80000)
  to   space 15360K, 0% used [0x0000000785d80000,0x0000000785d80000,0x0000000786c80000)
 ParOldGen       total 142848K, used 17968K [0x00000006c7800000, 0x00000006d0380000, 0x000000076d300000)
  object space 142848K, 12% used [0x00000006c7800000,0x00000006c898c198,0x00000006d0380000)
 Metaspace       used 38877K, capacity 41463K, committed 41600K, reserved 1085440K
  class space    used 4770K, capacity 5220K, committed 5248K, reserved 1048576K
}
Event: 6248.651 GC heap before
{Heap before GC invocations=13 (full 4):
 PSYoungGen      total 420352K, used 411585K [0x000000076d300000, 0x000000078d480000, 0x00000007c0000000)
  eden space 403968K, 100% used [0x000000076d300000,0x0000000785d80000,0x0000000785d80000)
  from space 16384K, 46% used [0x0000000786c80000,0x00000007873f04f8,0x0000000787c80000)
  to   space 15360K, 0% used [0x0000000785d80000,0x0000000785d80000,0x0000000786c80000)
 ParOldGen       total 142848K, used 17968K [0x00000006c7800000, 0x00000006d0380000, 0x000000076d300000)
  object space 142848K, 12% used [0x00000006c7800000,0x00000006c898c198,0x00000006d0380000)
 Metaspace       used 39054K, capacity 41751K, committed 41856K, reserved 1085440K
  class space    used 4780K, capacity 5236K, committed 5248K, reserved 1048576K
Event: 6248.663 GC heap after
Heap after GC invocations=13 (full 4):
 PSYoungGen      total 419328K, used 10692K [0x000000076d300000, 0x0000000792180000, 0x00000007c0000000)
  eden space 403968K, 0% used [0x000000076d300000,0x000000076d300000,0x0000000785d80000)
  from space 15360K, 69% used [0x0000000785d80000,0x00000007867f1290,0x0000000786c80000)
  to   space 15872K, 0% used [0x0000000791200000,0x0000000791200000,0x0000000792180000)
 ParOldGen       total 142848K, used 17976K [0x00000006c7800000, 0x00000006d0380000, 0x000000076d300000)
  object space 142848K, 12% used [0x00000006c7800000,0x00000006c898e198,0x00000006d0380000)
 Metaspace       used 39054K, capacity 41751K, committed 41856K, reserved 1085440K
  class space    used 4780K, capacity 5236K, committed 5248K, reserved 1048576K
}
Event: 6271.934 GC heap before
{Heap before GC invocations=14 (full 4):
 PSYoungGen      total 419328K, used 105156K [0x000000076d300000, 0x0000000792180000, 0x00000007c0000000)
  eden space 403968K, 23% used [0x000000076d300000,0x0000000772f3fde0,0x0000000785d80000)
  from space 15360K, 69% used [0x0000000785d80000,0x00000007867f1290,0x0000000786c80000)
  to   space 15872K, 0% used [0x0000000791200000,0x0000000791200000,0x0000000792180000)
 ParOldGen       total 142848K, used 17976K [0x00000006c7800000, 0x00000006d0380000, 0x000000076d300000)
  object space 142848K, 12% used [0x00000006c7800000,0x00000006c898e198,0x00000006d0380000)
 Metaspace       used 39222K, capacity 42071K, committed 42240K, reserved 1085440K
  class space    used 4792K, capacity 5258K, committed 5376K, reserved 1048576K
Event: 6271.958 GC heap after
Heap after GC invocations=14 (full 4):
 PSYoungGen      total 587776K, used 5454K [0x000000076d300000, 0x0000000792080000, 0x00000007c0000000)
  eden space 572928K, 0% used [0x000000076d300000,0x000000076d300000,0x0000000790280000)
  from space 14848K, 36% used [0x0000000791200000,0x0000000791753bb0,0x0000000792080000)
  to   space 15360K, 0% used [0x0000000790280000,0x0000000790280000,0x0000000791180000)
 ParOldGen       total 142848K, used 17984K [0x00000006c7800000, 0x00000006d0380000, 0x000000076d300000)
  object space 142848K, 12% used [0x00000006c7800000,0x00000006c8990198,0x00000006d0380000)
 Metaspace       used 39222K, capacity 42071K, committed 42240K, reserved 1085440K
  class space    used 4792K, capacity 5258K, committed 5376K, reserved 1048576K
}
Event: 6271.958 GC heap before
{Heap before GC invocations=15 (full 5):
 PSYoungGen      total 587776K, used 5454K [0x000000076d300000, 0x0000000792080000, 0x00000007c0000000)
  eden space 572928K, 0% used [0x000000076d300000,0x000000076d300000,0x0000000790280000)
  from space 14848K, 36% used [0x0000000791200000,0x0000000791753bb0,0x0000000792080000)
  to   space 15360K, 0% used [0x0000000790280000,0x0000000790280000,0x0000000791180000)
 ParOldGen       total 142848K, used 17984K [0x00000006c7800000, 0x00000006d0380000, 0x000000076d300000)
  object space 142848K, 12% used [0x00000006c7800000,0x00000006c8990198,0x00000006d0380000)
 Metaspace       used 39222K, capacity 42071K, committed 42240K, reserved 1085440K
  class space    used 4792K, capacity 5258K, committed 5376K, reserved 1048576K
Event: 6272.149 GC heap after
Heap after GC invocations=15 (full 5):
 PSYoungGen      total 587776K, used 0K [0x000000076d300000, 0x0000000792080000, 0x00000007c0000000)
  eden space 572928K, 0% used [0x000000076d300000,0x000000076d300000,0x0000000790280000)
  from space 14848K, 0% used [0x0000000791200000,0x0000000791200000,0x0000000792080000)
  to   space 15360K, 0% used [0x0000000790280000,0x0000000790280000,0x0000000791180000)
 ParOldGen       total 142848K, used 20755K [0x00000006c7800000, 0x00000006d0380000, 0x000000076d300000)
  object space 142848K, 14% used [0x00000006c7800000,0x00000006c8c44e78,0x00000006d0380000)
 Metaspace       used 39119K, capacity 41901K, committed 42240K, reserved 1085440K
  class space    used 4775K, capacity 5223K, committed 5376K, reserved 1048576K
}
Event: 6306.812 GC heap before
{Heap before GC invocations=16 (full 5):
 PSYoungGen      total 587776K, used 146351K [0x000000076d300000, 0x0000000792080000, 0x00000007c0000000)
  eden space 572928K, 25% used [0x000000076d300000,0x00000007761ebef8,0x0000000790280000)
  from space 14848K, 0% used [0x0000000791200000,0x0000000791200000,0x0000000792080000)
  to   space 15360K, 0% used [0x0000000790280000,0x0000000790280000,0x0000000791180000)
 ParOldGen       total 142848K, used 20755K [0x00000006c7800000, 0x00000006d0380000, 0x000000076d300000)
  object space 142848K, 14% used [0x00000006c7800000,0x00000006c8c44e78,0x00000006d0380000)
 Metaspace       used 39260K, capacity 42071K, committed 42496K, reserved 1087488K
  class space    used 4780K, capacity 5231K, committed 5376K, reserved 1048576K
Event: 6306.817 GC heap after
Heap after GC invocations=16 (full 5):
 PSYoungGen      total 588288K, used 3565K [0x000000076d300000, 0x0000000792080000, 0x00000007c0000000)
  eden space 572928K, 0% used [0x000000076d300000,0x000000076d300000,0x0000000790280000)
  from space 15360K, 23% used [0x0000000790280000,0x00000007905fb440,0x0000000791180000)
  to   space 15360K, 0% used [0x0000000791180000,0x0000000791180000,0x0000000792080000)
 ParOldGen       total 142848K, used 20763K [0x00000006c7800000, 0x00000006d0380000, 0x000000076d300000)
  object space 142848K, 14% used [0x00000006c7800000,0x00000006c8c46e78,0x00000006d0380000)
 Metaspace       used 39260K, capacity 42071K, committed 42496K, reserved 1087488K
  class space    used 4780K, capacity 5231K, committed 5376K, reserved 1048576K
}
Event: 6306.817 GC heap before
{Heap before GC invocations=17 (full 6):
 PSYoungGen      total 588288K, used 3565K [0x000000076d300000, 0x0000000792080000, 0x00000007c0000000)
  eden space 572928K, 0% used [0x000000076d300000,0x000000076d300000,0x0000000790280000)
  from space 15360K, 23% used [0x0000000790280000,0x00000007905fb440,0x0000000791180000)
  to   space 15360K, 0% used [0x0000000791180000,0x0000000791180000,0x0000000792080000)
 ParOldGen       total 142848K, used 20763K [0x00000006c7800000, 0x00000006d0380000, 0x000000076d300000)
  object space 142848K, 14% used [0x00000006c7800000,0x00000006c8c46e78,0x00000006d0380000)
 Metaspace       used 39260K, capacity 42071K, committed 42496K, reserved 1087488K
  class space    used 4780K, capacity 5231K, committed 5376K, reserved 1048576K
Event: 6306.954 GC heap after
Heap after GC invocations=17 (full 6):
 PSYoungGen      total 588288K, used 0K [0x000000076d300000, 0x0000000792080000, 0x00000007c0000000)
  eden space 572928K, 0% used [0x000000076d300000,0x000000076d300000,0x0000000790280000)
  from space 15360K, 0% used [0x0000000790280000,0x0000000790280000,0x0000000791180000)
  to   space 15360K, 0% used [0x0000000791180000,0x0000000791180000,0x0000000792080000)
 ParOldGen       total 142848K, used 23057K [0x00000006c7800000, 0x00000006d0380000, 0x000000076d300000)
  object space 142848K, 16% used [0x00000006c7800000,0x00000006c8e845a0,0x00000006d0380000)
 Metaspace       used 39260K, capacity 42071K, committed 42496K, reserved 1087488K
  class space    used 4780K, capacity 5231K, committed 5376K, reserved 1048576K
}
Event: 9031.052 GC heap before
{Heap before GC invocations=18 (full 6):
 PSYoungGen      total 588288K, used 572928K [0x000000076d300000, 0x0000000792080000, 0x00000007c0000000)
  eden space 572928K, 100% used [0x000000076d300000,0x0000000790280000,0x0000000790280000)
  from space 15360K, 0% used [0x0000000790280000,0x0000000790280000,0x0000000791180000)
  to   space 15360K, 0% used [0x0000000791180000,0x0000000791180000,0x0000000792080000)
 ParOldGen       total 142848K, used 23057K [0x00000006c7800000, 0x00000006d0380000, 0x000000076d300000)
  object space 142848K, 16% used [0x00000006c7800000,0x00000006c8e845a0,0x00000006d0380000)
 Metaspace       used 39753K, capacity 42915K, committed 43008K, reserved 1087488K
  class space    used 4839K, capacity 5339K, committed 5376K, reserved 1048576K
Event: 9031.058 GC heap after
Heap after GC invocations=18 (full 6):
 PSYoungGen      total 588288K, used 4065K [0x000000076d300000, 0x000000079e480000, 0x00000007c0000000)
  eden space 572928K, 0% used [0x000000076d300000,0x000000076d300000,0x0000000790280000)
  from space 15360K, 26% used [0x0000000791180000,0x00000007915784f8,0x0000000792080000)
  to   space 15360K, 0% used [0x0000000790280000,0x0000000790280000,0x0000000791180000)
 ParOldGen       total 142848K, used 23065K [0x00000006c7800000, 0x00000006d0380000, 0x000000076d300000)
  object space 142848K, 16% used [0x00000006c7800000,0x00000006c8e865a0,0x00000006d0380000)
 Metaspace       used 39753K, capacity 42915K, committed 43008K, reserved 1087488K
  class space    used 4839K, capacity 5339K, committed 5376K, reserved 1048576K
}
Event: 11542.355 GC heap before
{Heap before GC invocations=19 (full 6):
 PSYoungGen      total 588288K, used 459908K [0x000000076d300000, 0x000000079e480000, 0x00000007c0000000)
  eden space 572928K, 79% used [0x000000076d300000,0x0000000789028c18,0x0000000790280000)
  from space 15360K, 26% used [0x0000000791180000,0x00000007915784f8,0x0000000792080000)
  to   space 15360K, 0% used [0x0000000790280000,0x0000000790280000,0x0000000791180000)
 ParOldGen       total 142848K, used 23065K [0x00000006c7800000, 0x00000006d0380000, 0x000000076d300000)
  object space 142848K, 16% used [0x00000006c7800000,0x00000006c8e865a0,0x00000006d0380000)
 Metaspace       used 41446K, capacity 44621K, committed 44800K, reserved 1089536K
  class space    used 5043K, capacity 5531K, committed 5632K, reserved 1048576K
Event: 11542.363 GC heap after
Heap after GC invocations=19 (full 6):
 PSYoungGen      total 588288K, used 4452K [0x000000076d300000, 0x000000079e480000, 0x00000007c0000000)
  eden space 572928K, 0% used [0x000000076d300000,0x000000076d300000,0x0000000790280000)
  from space 15360K, 28% used [0x0000000790280000,0x00000007906d9398,0x0000000791180000)
  to   space 15360K, 0% used [0x000000079d580000,0x000000079d580000,0x000000079e480000)
 ParOldGen       total 142848K, used 23065K [0x00000006c7800000, 0x00000006d0380000, 0x000000076d300000)
  object space 142848K, 16% used [0x00000006c7800000,0x00000006c8e865a0,0x00000006d0380000)
 Metaspace       used 41446K, capacity 44621K, committed 44800K, reserved 1089536K
  class space    used 5043K, capacity 5531K, committed 5632K, reserved 1048576K
}
Event: 11542.363 GC heap before
{Heap before GC invocations=20 (full 7):
 PSYoungGen      total 588288K, used 4452K [0x000000076d300000, 0x000000079e480000, 0x00000007c0000000)
  eden space 572928K, 0% used [0x000000076d300000,0x000000076d300000,0x0000000790280000)
  from space 15360K, 28% used [0x0000000790280000,0x00000007906d9398,0x0000000791180000)
  to   space 15360K, 0% used [0x000000079d580000,0x000000079d580000,0x000000079e480000)
 ParOldGen       total 142848K, used 23065K [0x00000006c7800000, 0x00000006d0380000, 0x000000076d300000)
  object space 142848K, 16% used [0x00000006c7800000,0x00000006c8e865a0,0x00000006d0380000)
 Metaspace       used 41446K, capacity 44621K, committed 44800K, reserved 1089536K
  class space    used 5043K, capacity 5531K, committed 5632K, reserved 1048576K
Event: 11542.547 GC heap after
Heap after GC invocations=20 (full 7):
 PSYoungGen      total 588288K, used 0K [0x000000076d300000, 0x000000079e480000, 0x00000007c0000000)
  eden space 572928K, 0% used [0x000000076d300000,0x000000076d300000,0x0000000790280000)
  from space 15360K, 0% used [0x0000000790280000,0x0000000790280000,0x0000000791180000)
  to   space 15360K, 0% used [0x000000079d580000,0x000000079d580000,0x000000079e480000)
 ParOldGen       total 142848K, used 21061K [0x00000006c7800000, 0x00000006d0380000, 0x000000076d300000)
  object space 142848K, 14% used [0x00000006c7800000,0x00000006c8c91598,0x00000006d0380000)
 Metaspace       used 41024K, capacity 43841K, committed 44800K, reserved 1089536K
  class space    used 4982K, capacity 5420K, committed 5632K, reserved 1048576K
}
Event: 12593.283 GC heap before
{Heap before GC invocations=21 (full 7):
 PSYoungGen      total 588288K, used 294056K [0x000000076d300000, 0x000000079e480000, 0x00000007c0000000)
  eden space 572928K, 51% used [0x000000076d300000,0x000000077f22a198,0x0000000790280000)
  from space 15360K, 0% used [0x0000000790280000,0x0000000790280000,0x0000000791180000)
  to   space 15360K, 0% used [0x000000079d580000,0x000000079d580000,0x000000079e480000)
 ParOldGen       total 142848K, used 21061K [0x00000006c7800000, 0x00000006d0380000, 0x000000076d300000)
  object space 142848K, 14% used [0x00000006c7800000,0x00000006c8c91598,0x00000006d0380000)
 Metaspace       used 41569K, capacity 44681K, committed 45312K, reserved 1089536K
  class space    used 5036K, capacity 5511K, committed 5632K, reserved 1048576K
Event: 12593.300 GC heap after
Heap after GC invocations=21 (full 7):
 PSYoungGen      total 786944K, used 6034K [0x000000076d300000, 0x000000079e280000, 0x00000007c0000000)
  eden space 773632K, 0% used [0x000000076d300000,0x000000076d300000,0x000000079c680000)
  from space 13312K, 45% used [0x000000079d580000,0x000000079db64870,0x000000079e280000)
  to   space 14336K, 0% used [0x000000079c680000,0x000000079c680000,0x000000079d480000)
 ParOldGen       total 142848K, used 21069K [0x00000006c7800000, 0x00000006d0380000, 0x000000076d300000)
  object space 142848K, 14% used [0x00000006c7800000,0x00000006c8c93598,0x00000006d0380000)
 Metaspace       used 41569K, capacity 44681K, committed 45312K, reserved 1089536K
  class space    used 5036K, capacity 5511K, committed 5632K, reserved 1048576K
}
Event: 12593.300 GC heap before
{Heap before GC invocations=22 (full 8):
 PSYoungGen      total 786944K, used 6034K [0x000000076d300000, 0x000000079e280000, 0x00000007c0000000)
  eden space 773632K, 0% used [0x000000076d300000,0x000000076d300000,0x000000079c680000)
  from space 13312K, 45% used [0x000000079d580000,0x000000079db64870,0x000000079e280000)
  to   space 14336K, 0% used [0x000000079c680000,0x000000079c680000,0x000000079d480000)
 ParOldGen       total 142848K, used 21069K [0x00000006c7800000, 0x00000006d0380000, 0x000000076d300000)
  object space 142848K, 14% used [0x00000006c7800000,0x00000006c8c93598,0x00000006d0380000)
 Metaspace       used 41569K, capacity 44681K, committed 45312K, reserved 1089536K
  class space    used 5036K, capacity 5511K, committed 5632K, reserved 1048576K
Event: 12593.652 GC heap after
Heap after GC invocations=22 (full 8):
 PSYoungGen      total 786944K, used 0K [0x000000076d300000, 0x000000079e280000, 0x00000007c0000000)
  eden space 773632K, 0% used [0x000000076d300000,0x000000076d300000,0x000000079c680000)
  from space 13312K, 0% used [0x000000079d580000,0x000000079d580000,0x000000079e280000)
  to   space 14336K, 0% used [0x000000079c680000,0x000000079c680000,0x000000079d480000)
 ParOldGen       total 142848K, used 25497K [0x00000006c7800000, 0x00000006d0380000, 0x000000076d300000)
  object space 142848K, 17% used [0x00000006c7800000,0x00000006c90e6648,0x00000006d0380000)
 Metaspace       used 41541K, capacity 44597K, committed 45312K, reserved 1089536K
  class space    used 5032K, capacity 5507K, committed 5632K, reserved 1048576K
}

